<?xml version="1.0" encoding="UTF-8"?>
<!-- Generated by org.testng.reporters.JUnitXMLReporter -->
<testsuite ignored="0" hostname="D7F8G6D3" failures="1" tests="4" name="amazon Home Page Test" time="45.393" errors="0" timestamp="13 May 2024 14:22:42 GMT">
  <testcase classname="com.qa.amazon.tests.HomePageTest" name="homePageTitleTest" time="0.048"/>
  <testcase classname="com.qa.amazon.tests.HomePageTest" name="homePageUrlTest" time="0.001"/>
  <testcase classname="com.qa.amazon.tests.HomePageTest" name="searchTest" time="13.503"/>
  <testcase classname="com.qa.amazon.tests.HomePageTest" name="searchTest" time="13.532">
    <failure type="com.microsoft.playwright.PlaywrightException" message="Error {
  message=&amp;apos;Target page, context or browser has been closed
  name=&amp;apos;TargetClosedError
  stack=&amp;apos;TargetClosedError: Target page, context or browser has been closed
    at DispatcherConnection.dispatch (C:\Users\SnowTest\AppData\Local\Temp\playwright-java-15211993885979186679\package\lib\server\dispatchers\dispatcher.js:277:44)
    at transport.onmessage (C:\Users\SnowTest\AppData\Local\Temp\playwright-java-15211993885979186679\package\lib\cli\driver.js:52:57)
    at Immediate._onImmediate (C:\Users\SnowTest\AppData\Local\Temp\playwright-java-15211993885979186679\package\lib\protocol\transport.js:77:34)
    at process.processImmediate (node:internal/timers:478:21)
}">
      <![CDATA[com.microsoft.playwright.PlaywrightException: Error {
  message='Target page, context or browser has been closed
  name='TargetClosedError
  stack='TargetClosedError: Target page, context or browser has been closed
    at DispatcherConnection.dispatch (C:\Users\SnowTest\AppData\Local\Temp\playwright-java-15211993885979186679\package\lib\server\dispatchers\dispatcher.js:277:44)
    at transport.onmessage (C:\Users\SnowTest\AppData\Local\Temp\playwright-java-15211993885979186679\package\lib\cli\driver.js:52:57)
    at Immediate._onImmediate (C:\Users\SnowTest\AppData\Local\Temp\playwright-java-15211993885979186679\package\lib\protocol\transport.js:77:34)
    at process.processImmediate (node:internal/timers:478:21)
}
at com.microsoft.playwright.impl.WaitableResult.get(WaitableResult.java:54)
at com.microsoft.playwright.impl.ChannelOwner.runUntil(ChannelOwner.java:120)
at com.microsoft.playwright.impl.Connection.sendMessage(Connection.java:129)
at com.microsoft.playwright.impl.ChannelOwner.sendMessage(ChannelOwner.java:106)
at com.microsoft.playwright.impl.PageImpl.screenshotImpl(PageImpl.java:1094)
at com.microsoft.playwright.impl.PageImpl.lambda$screenshot$65(PageImpl.java:1038)
at com.microsoft.playwright.impl.LoggingSupport.withLogging(LoggingSupport.java:47)
at com.microsoft.playwright.impl.ChannelOwner.withLogging(ChannelOwner.java:89)
at com.microsoft.playwright.impl.PageImpl.screenshot(PageImpl.java:1038)
at com.qa.amazon.factory.PlaywrightFactory.takeScreenshot(PlaywrightFactory.java:82)
at com.qa.amazon.listeners.ExtentReportListener.onTestSuccess(ExtentReportListener.java:96)
at org.testng.internal.TestListenerHelper.runTestListeners(TestListenerHelper.java:70)
at org.testng.internal.Invoker.runTestListeners(Invoker.java:1389)
at org.testng.internal.Invoker.invokeMethod(Invoker.java:636)
at org.testng.internal.Invoker.invokeTestMethod(Invoker.java:719)
at org.testng.internal.Invoker.invokeTestMethods(Invoker.java:989)
at org.testng.internal.TestMethodWorker.invokeTestMethods(TestMethodWorker.java:125)
at org.testng.internal.TestMethodWorker.run(TestMethodWorker.java:109)
at org.testng.TestRunner.privateRun(TestRunner.java:648)
at org.testng.TestRunner.run(TestRunner.java:505)
at org.testng.SuiteRunner.runTest(SuiteRunner.java:455)
at org.testng.SuiteRunner.access$000(SuiteRunner.java:40)
at org.testng.SuiteRunner$SuiteWorker.run(SuiteRunner.java:489)
at org.testng.internal.thread.ThreadUtil$1.call(ThreadUtil.java:52)
at java.base/java.util.concurrent.FutureTask.run(FutureTask.java:317)
at java.base/java.util.concurrent.ThreadPoolExecutor.runWorker(ThreadPoolExecutor.java:1144)
at java.base/java.util.concurrent.ThreadPoolExecutor$Worker.run(ThreadPoolExecutor.java:642)
at java.base/java.lang.Thread.run(Thread.java:1583)
Caused by: com.microsoft.playwright.impl.TargetClosedError: Error {
  message='Target page, context or browser has been closed
  name='TargetClosedError
  stack='TargetClosedError: Target page, context or browser has been closed
    at DispatcherConnection.dispatch (C:\Users\SnowTest\AppData\Local\Temp\playwright-java-15211993885979186679\package\lib\server\dispatchers\dispatcher.js:277:44)
    at transport.onmessage (C:\Users\SnowTest\AppData\Local\Temp\playwright-java-15211993885979186679\package\lib\cli\driver.js:52:57)
    at Immediate._onImmediate (C:\Users\SnowTest\AppData\Local\Temp\playwright-java-15211993885979186679\package\lib\protocol\transport.js:77:34)
    at process.processImmediate (node:internal/timers:478:21)
}
at com.microsoft.playwright.impl.Connection.dispatch(Connection.java:256)
at com.microsoft.playwright.impl.Connection.processOneMessage(Connection.java:209)
at com.microsoft.playwright.impl.ChannelOwner.runUntil(ChannelOwner.java:118)
at com.microsoft.playwright.impl.Connection.sendMessage(Connection.java:129)
at com.microsoft.playwright.impl.ChannelOwner.sendMessage(ChannelOwner.java:106)
at com.microsoft.playwright.impl.ChannelOwner.sendMessage(ChannelOwner.java:101)
at com.microsoft.playwright.impl.BrowserImpl.closeImpl(BrowserImpl.java:89)
at com.microsoft.playwright.impl.BrowserImpl.lambda$close$0(BrowserImpl.java:72)
at com.microsoft.playwright.impl.LoggingSupport.lambda$withLogging$0(LoggingSupport.java:36)
at com.microsoft.playwright.impl.LoggingSupport.withLogging(LoggingSupport.java:47)
at com.microsoft.playwright.impl.ChannelOwner.withLogging(ChannelOwner.java:89)
at com.microsoft.playwright.impl.LoggingSupport.withLogging(LoggingSupport.java:35)
at com.microsoft.playwright.impl.BrowserImpl.close(BrowserImpl.java:72)
at com.microsoft.playwright.Browser.close(Browser.java:1183)
at com.qa.amazon.base.BaseTest.tearDown(BaseTest.java:32)
at java.base/jdk.internal.reflect.DirectMethodHandleAccessor.invoke(DirectMethodHandleAccessor.java:103)
at java.base/java.lang.reflect.Method.invoke(Method.java:580)
at org.testng.internal.MethodInvocationHelper.invokeMethod(MethodInvocationHelper.java:124)
at org.testng.internal.MethodInvocationHelper.invokeMethodConsideringTimeout(MethodInvocationHelper.java:59)
at org.testng.internal.Invoker.invokeConfigurationMethod(Invoker.java:458)
at org.testng.internal.Invoker.invokeConfigurations(Invoker.java:222)
at org.testng.internal.Invoker.invokeConfigurations(Invoker.java:142)
at org.testng.TestRunner.afterRun(TestRunner.java:725)
at org.testng.TestRunner.run(TestRunner.java:509)
... 8 more
]]>
    </failure>
  </testcase> <!-- searchTest -->
</testsuite> <!-- amazon Home Page Test -->
