<?xml version="1.0" encoding="UTF-8"?>
<!-- Generated by org.testng.reporters.JUnitXMLReporter -->
<testsuite ignored="0" hostname="D7F8G6D3" failures="0" tests="4" name="Open amazon Home Page Test" time="38.787" errors="0" timestamp="11 May 2024 18:18:43 GMT">
  <testcase classname="com.qa.amazon.tests.HomePageTest" name="homePageTitleTest" time="0.035"/>
  <testcase classname="com.qa.amazon.tests.HomePageTest" name="homePageUrlTest" time="0.003"/>
  <testcase classname="com.qa.amazon.tests.HomePageTest" name="searchTest" time="13.463"/>
  <testcase classname="com.qa.amazon.tests.HomePageTest" name="searchTest" time="6.51"/>
</testsuite> <!-- Open amazon Home Page Test -->
